<?xml version="1.0" encoding="UTF-8"?>
<!-- Generated by org.testng.reporters.JUnitXMLReporter -->
<testsuite ignored="0" hostname="Rahuls-Air.fios-router.home" failures="2" tests="17" name="Test1" time="9.661" errors="0" timestamp="2023-08-08T21:30:51 EDT">
  <testcase classname="mavenDmo.PackageXML2" name="testMethod_3" time="0.002"/>
  <testcase classname="mavenDmo.PackageXML2" name="testMethod_4" time="0.0"/>
  <testcase classname="mavenDmo.PackageXML" name="testMethod_1" time="0.0"/>
  <testcase classname="mavenDmo.PackageXML" name="testMethod_2" time="0.0"/>
  <testcase classname="mavenDmo.LaunchingBrowser" name="tc1_launchGooglepage" time="0.517"/>
  <testcase classname="mavenDmo.LaunchingBrowser" name="tc2_launchlinkedinpage" time="3.332"/>
  <testcase classname="mavenDmo.LaunchingBrowser" name="tc3_launchlinkedinpage" time="0.002">
    <failure type="java.lang.ArithmeticException" message="/ by zero">
      <![CDATA[java.lang.ArithmeticException: / by zero
at mavenDmo.LaunchingBrowser.tc3_launchlinkedinpage(LaunchingBrowser.java:56)
at java.base/java.util.ArrayList.forEach(ArrayList.java:1541)
... Removed 27 stack frames]]>
    </failure>
  </testcase> <!-- tc3_launchlinkedinpage -->
  <testcase classname="mavenDmo.DemoTestNG" name="tc1_launchGooglepage" time="0.001"/>
  <testcase classname="mavenDmo.DemoTestNG" name="tc2_launchlinkedinpage" time="0.0"/>
  <testcase classname="mavenDmo.DependsOnMethod" name="MethodTwo" time="0.001">
    <failure type="java.lang.ArithmeticException" message="/ by zero">
      <![CDATA[java.lang.ArithmeticException: / by zero
at mavenDmo.DependsOnMethod.MethodTwo(DependsOnMethod.java:16)
at java.base/java.util.ArrayList.forEach(ArrayList.java:1541)
... Removed 27 stack frames]]>
    </failure>
  </testcase> <!-- MethodTwo -->
  <testcase classname="mavenDmo.DependsOnMethod" name="methodOne" time="0.0"/>
  <testcase classname="mavenDmo.DependsOnMethod" name="methodThree" time="0.0">
    <skipped/>
  </testcase> <!-- methodThree -->
  <testcase classname="mavenDmo.AppTest" name="shouldAnswerWithTrue" time="0.002"/>
  <testcase classname="mavenDmo.PriorityTestCase" name="registerAccount" time="0.0"/>
  <testcase classname="mavenDmo.PriorityTestCase" name="login" time="0.0"/>
  <testcase classname="mavenDmo.PriorityTestCase" name="sendEmail" time="0.0"/>
  <testcase classname="mavenDmo.VerifyingGoogleTitle" name="verifytitle" time="2.171"/>
</testsuite> <!-- Test1 -->
